<?xml version="1.0" encoding="UTF-8"?>
<!-- Generated by org.testng.reporters.JUnitReportReporter -->
<testsuite hostname="utkarshs-MacBook-Air.local" failures="0" tests="1" name="Runner" time="0.037" errors="0" timestamp="2023-05-22T14:05:15 IST" skipped="0">
  <testcase classname="Runner" name="runScenario" time="0.037"/>
  <system-out/>
</testsuite> <!-- Runner -->
